[debug] [2020-12-01T12:56:40.506Z] ----------------------------------------------------------------------
[debug] [2020-12-01T12:56:40.508Z] Command:       /usr/local/bin/node /usr/local/bin/firebase deploy
[debug] [2020-12-01T12:56:40.509Z] CLI Version:   8.16.2
[debug] [2020-12-01T12:56:40.509Z] Platform:      darwin
[debug] [2020-12-01T12:56:40.509Z] Node Version:  v12.18.3
[debug] [2020-12-01T12:56:40.512Z] Time:          Tue Dec 01 2020 12:56:40 GMT+0000 (Greenwich Mean Time)
[debug] [2020-12-01T12:56:40.512Z] ----------------------------------------------------------------------
[debug] [2020-12-01T12:56:40.513Z] 
[debug] [2020-12-01T12:56:40.521Z] > command requires scopes: ["email","openid","https://www.googleapis.com/auth/cloudplatformprojects.readonly","https://www.googleapis.com/auth/firebase","https://www.googleapis.com/auth/cloud-platform"]
[debug] [2020-12-01T12:56:40.521Z] > authorizing via signed-in user
[debug] [2020-12-01T12:56:40.522Z] [iam] checking project battleship-swepfa2020 for permissions ["datastore.indexes.create","datastore.indexes.delete","datastore.indexes.list","datastore.indexes.update","firebase.projects.get","firebasehosting.sites.update"]
[debug] [2020-12-01T12:56:40.525Z] > refreshing access token with scopes: ["email","https://www.googleapis.com/auth/cloud-platform","https://www.googleapis.com/auth/cloudplatformprojects.readonly","https://www.googleapis.com/auth/firebase","openid"]
[debug] [2020-12-01T12:56:40.526Z] >>> HTTP REQUEST POST https://www.googleapis.com/oauth2/v3/token  
 <request body omitted>
[debug] [2020-12-01T12:56:41.201Z] <<< HTTP RESPONSE 200 {"cache-control":"no-cache, no-store, max-age=0, must-revalidate","expires":"Mon, 01 Jan 1990 00:00:00 GMT","date":"Tue, 01 Dec 2020 12:56:41 GMT","pragma":"no-cache","content-type":"application/json; charset=utf-8","vary":"X-Origin, Referer, Origin,Accept-Encoding","server":"scaffolding on HTTPServer2","x-xss-protection":"0","x-frame-options":"SAMEORIGIN","x-content-type-options":"nosniff","alt-svc":"h3-29=\":443\"; ma=2592000,h3-T051=\":443\"; ma=2592000,h3-Q050=\":443\"; ma=2592000,h3-Q046=\":443\"; ma=2592000,h3-Q043=\":443\"; ma=2592000,quic=\":443\"; ma=2592000; v=\"46,43\"","accept-ranges":"none","transfer-encoding":"chunked"}
[debug] [2020-12-01T12:56:41.225Z] >>> HTTP REQUEST POST https://cloudresourcemanager.googleapis.com/v1/projects/battleship-swepfa2020:testIamPermissions  
 {"permissions":["datastore.indexes.create","datastore.indexes.delete","datastore.indexes.list","datastore.indexes.update","firebase.projects.get","firebasehosting.sites.update"]}
[debug] [2020-12-01T12:56:42.382Z] <<< HTTP RESPONSE 200 {"content-type":"application/json; charset=UTF-8","vary":"X-Origin, Referer, Origin,Accept-Encoding","date":"Tue, 01 Dec 2020 12:56:42 GMT","server":"ESF","cache-control":"private","x-xss-protection":"0","x-frame-options":"SAMEORIGIN","x-content-type-options":"nosniff","server-timing":"gfet4t7; dur=701","alt-svc":"h3-29=\":443\"; ma=2592000,h3-T051=\":443\"; ma=2592000,h3-Q050=\":443\"; ma=2592000,h3-Q046=\":443\"; ma=2592000,h3-Q043=\":443\"; ma=2592000,quic=\":443\"; ma=2592000; v=\"46,43\"","accept-ranges":"none","transfer-encoding":"chunked"}
[debug] [2020-12-01T12:56:42.384Z] >>> HTTP REQUEST GET https://firebase.googleapis.com/v1beta1/projects/battleship-swepfa2020  
 
[debug] [2020-12-01T12:56:42.841Z] <<< HTTP RESPONSE 200 {"content-type":"application/json; charset=UTF-8","vary":"X-Origin, Referer, Origin,Accept-Encoding","date":"Tue, 01 Dec 2020 12:56:42 GMT","server":"ESF","cache-control":"private","x-xss-protection":"0","x-frame-options":"SAMEORIGIN","x-content-type-options":"nosniff","alt-svc":"h3-29=\":443\"; ma=2592000,h3-T051=\":443\"; ma=2592000,h3-Q050=\":443\"; ma=2592000,h3-Q046=\":443\"; ma=2592000,h3-Q043=\":443\"; ma=2592000,quic=\":443\"; ma=2592000; v=\"46,43\"","accept-ranges":"none","transfer-encoding":"chunked"}
[info] 
[info] === Deploying to 'battleship-swepfa2020'...
[info] 
[info] i  deploying firestore, hosting 
[info] i  firestore: reading indexes from firestore.indexes.json... 
[info] i  cloud.firestore: checking firestore.rules for compilation errors... 
[debug] [2020-12-01T12:56:42.846Z] >>> HTTP REQUEST POST https://firebaserules.googleapis.com/v1/projects/battleship-swepfa2020:test  
 {"source":{"files":[{"name":"firestore.rules","content":"rules_version = '2';\nservice cloud.firestore {\n  match /databases/{database}/documents {\n    match /{document=**} {\n      allow read, write: if\n          request.time < timestamp.date(2020, 12, 31);\n    }\n  }\n}"}]}}
[debug] [2020-12-01T12:56:43.877Z] <<< HTTP RESPONSE 200 {"content-type":"application/json; charset=UTF-8","vary":"X-Origin, Referer, Origin,Accept-Encoding","date":"Tue, 01 Dec 2020 12:56:43 GMT","server":"ESF","cache-control":"private","x-xss-protection":"0","x-frame-options":"SAMEORIGIN","x-content-type-options":"nosniff","alt-svc":"h3-29=\":443\"; ma=2592000,h3-T051=\":443\"; ma=2592000,h3-Q050=\":443\"; ma=2592000,h3-Q046=\":443\"; ma=2592000,h3-Q043=\":443\"; ma=2592000,quic=\":443\"; ma=2592000; v=\"46,43\"","accept-ranges":"none","transfer-encoding":"chunked"}
[info] ✔  cloud.firestore: rules file firestore.rules compiled successfully 
[debug] [2020-12-01T12:56:43.879Z] >>> HTTP REQUEST POST https://firebasehosting.googleapis.com/v1beta1/sites/battleship-swepfa2020/versions  
 {"config":{"rewrites":[{"glob":"**","path":"/index.html"}]},"labels":{"deployment-tool":"cli-firebase"}}
[debug] [2020-12-01T12:56:45.455Z] <<< HTTP RESPONSE 200 {"content-type":"application/json; charset=UTF-8","vary":"X-Origin, Referer, Origin,Accept-Encoding","date":"Tue, 01 Dec 2020 12:56:45 GMT","server":"ESF","cache-control":"private","x-xss-protection":"0","x-frame-options":"SAMEORIGIN","x-content-type-options":"nosniff","alt-svc":"h3-29=\":443\"; ma=2592000,h3-T051=\":443\"; ma=2592000,h3-Q050=\":443\"; ma=2592000,h3-Q046=\":443\"; ma=2592000,h3-Q043=\":443\"; ma=2592000,quic=\":443\"; ma=2592000; v=\"46,43\"","accept-ranges":"none","transfer-encoding":"chunked"}
[debug] [2020-12-01T12:56:45.457Z] >>> HTTP REQUEST GET https://firebaserules.googleapis.com/v1/projects/battleship-swepfa2020/releases?pageSize=10&pageToken=  
 
[debug] [2020-12-01T12:56:45.457Z] >>> HTTP REQUEST GET https://firestore.googleapis.com/v1/projects/battleship-swepfa2020/databases/(default)/collectionGroups/-/indexes  
 
[debug] [2020-12-01T12:56:46.169Z] <<< HTTP RESPONSE 200 {"content-type":"application/json; charset=UTF-8","vary":"X-Origin, Referer, Origin,Accept-Encoding","date":"Tue, 01 Dec 2020 12:56:46 GMT","server":"ESF","cache-control":"private","x-xss-protection":"0","x-frame-options":"SAMEORIGIN","x-content-type-options":"nosniff","alt-svc":"h3-29=\":443\"; ma=2592000,h3-T051=\":443\"; ma=2592000,h3-Q050=\":443\"; ma=2592000,h3-Q046=\":443\"; ma=2592000,h3-Q043=\":443\"; ma=2592000,quic=\":443\"; ma=2592000; v=\"46,43\"","accept-ranges":"none","transfer-encoding":"chunked"}
[debug] [2020-12-01T12:56:46.170Z] >>> HTTP REQUEST GET https://firestore.googleapis.com/v1/projects/battleship-swepfa2020/databases/(default)/collectionGroups/-/fields?filter=indexConfig.usesAncestorConfig=false  
 
[debug] [2020-12-01T12:56:46.382Z] <<< HTTP RESPONSE 200 {"content-type":"application/json; charset=UTF-8","vary":"X-Origin, Referer, Origin,Accept-Encoding","date":"Tue, 01 Dec 2020 12:56:46 GMT","server":"ESF","cache-control":"private","x-xss-protection":"0","x-frame-options":"SAMEORIGIN","x-content-type-options":"nosniff","alt-svc":"h3-29=\":443\"; ma=2592000,h3-T051=\":443\"; ma=2592000,h3-Q050=\":443\"; ma=2592000,h3-Q046=\":443\"; ma=2592000,h3-Q043=\":443\"; ma=2592000,quic=\":443\"; ma=2592000; v=\"46,43\"","accept-ranges":"none","transfer-encoding":"chunked"}
[debug] [2020-12-01T12:56:46.384Z] >>> HTTP REQUEST GET https://firebaserules.googleapis.com/v1/projects/battleship-swepfa2020/rulesets/739a131c-57b1-465f-9c50-e3cf1f1b559d  
 
[debug] [2020-12-01T12:56:47.299Z] <<< HTTP RESPONSE 200 {"content-type":"application/json; charset=UTF-8","vary":"X-Origin, Referer, Origin,Accept-Encoding","date":"Tue, 01 Dec 2020 12:56:47 GMT","server":"ESF","cache-control":"private","x-xss-protection":"0","x-frame-options":"SAMEORIGIN","x-content-type-options":"nosniff","alt-svc":"h3-29=\":443\"; ma=2592000,h3-T051=\":443\"; ma=2592000,h3-Q050=\":443\"; ma=2592000,h3-Q046=\":443\"; ma=2592000,h3-Q043=\":443\"; ma=2592000,quic=\":443\"; ma=2592000; v=\"46,43\"","accept-ranges":"none","transfer-encoding":"chunked"}
[info] ✔  firestore: deployed indexes in firestore.indexes.json successfully 
[debug] [2020-12-01T12:56:47.329Z] <<< HTTP RESPONSE 200 {"content-type":"application/json; charset=UTF-8","vary":"X-Origin, Referer, Origin,Accept-Encoding","date":"Tue, 01 Dec 2020 12:56:47 GMT","server":"ESF","cache-control":"private","x-xss-protection":"0","x-frame-options":"SAMEORIGIN","x-content-type-options":"nosniff","alt-svc":"h3-29=\":443\"; ma=2592000,h3-T051=\":443\"; ma=2592000,h3-Q050=\":443\"; ma=2592000,h3-Q046=\":443\"; ma=2592000,h3-Q043=\":443\"; ma=2592000,quic=\":443\"; ma=2592000; v=\"46,43\"","accept-ranges":"none","transfer-encoding":"chunked"}
[info] i  firestore: latest version of firestore.rules already up to date, skipping upload... 
[info] i  hosting[battleship-swepfa2020]: beginning deploy... 
[info] i  hosting[battleship-swepfa2020]: found 6 files in public 
[debug] [2020-12-01T12:56:47.335Z] [hosting] hash cache [cHVibGlj] not populated
[debug] [2020-12-01T12:56:47.347Z] [hosting] hash cache [cHVibGlj] stored for 6 files
[debug] [2020-12-01T12:56:47.347Z] [hosting][hash queue][FINAL] {"max":10,"min":4,"avg":5.5,"active":0,"complete":6,"success":6,"errored":0,"retried":0,"total":6,"elapsed":12}
[debug] [2020-12-01T12:56:47.348Z] >>> HTTP REQUEST POST https://firebasehosting.googleapis.com/v1beta1/sites/battleship-swepfa2020/versions/2aa184b66d3b8a5f:populateFiles  
 <request body omitted>
[debug] [2020-12-01T12:56:48.737Z] <<< HTTP RESPONSE 200 {"content-type":"application/json; charset=UTF-8","vary":"X-Origin, Referer, Origin,Accept-Encoding","date":"Tue, 01 Dec 2020 12:56:48 GMT","server":"ESF","cache-control":"private","x-xss-protection":"0","x-frame-options":"SAMEORIGIN","x-content-type-options":"nosniff","alt-svc":"h3-29=\":443\"; ma=2592000,h3-T051=\":443\"; ma=2592000,h3-Q050=\":443\"; ma=2592000,h3-Q046=\":443\"; ma=2592000,h3-Q043=\":443\"; ma=2592000,quic=\":443\"; ma=2592000; v=\"46,43\"","accept-ranges":"none","transfer-encoding":"chunked"}
[debug] [2020-12-01T12:56:48.738Z] [hosting][populate queue][FINAL] {"max":1391,"min":1391,"avg":1391,"active":0,"complete":1,"success":1,"errored":0,"retried":0,"total":1,"elapsed":1392}
[debug] [2020-12-01T12:56:48.738Z] [hosting] uploads queued: 1
[debug] [2020-12-01T12:56:51.291Z] [hosting][upload queue][FINAL] {"max":2554,"min":2554,"avg":2554,"active":0,"complete":1,"success":1,"errored":0,"retried":0,"total":1,"elapsed":2554}
[info] ✔  hosting[battleship-swepfa2020]: file upload complete 
[debug] [2020-12-01T12:56:51.292Z] [hosting] deploy completed after 3962ms
[debug] [2020-12-01T12:56:51.650Z] [rules] releasing cloud.firestore with ruleset projects/battleship-swepfa2020/rulesets/739a131c-57b1-465f-9c50-e3cf1f1b559d
[debug] [2020-12-01T12:56:51.650Z] >>> HTTP REQUEST PATCH https://firebaserules.googleapis.com/v1/projects/battleship-swepfa2020/releases/cloud.firestore  
 {"release":{"name":"projects/battleship-swepfa2020/releases/cloud.firestore","rulesetName":"projects/battleship-swepfa2020/rulesets/739a131c-57b1-465f-9c50-e3cf1f1b559d"}}
[debug] [2020-12-01T12:56:52.823Z] <<< HTTP RESPONSE 200 {"content-type":"application/json; charset=UTF-8","vary":"X-Origin, Referer, Origin,Accept-Encoding","date":"Tue, 01 Dec 2020 12:56:52 GMT","server":"ESF","cache-control":"private","x-xss-protection":"0","x-frame-options":"SAMEORIGIN","x-content-type-options":"nosniff","alt-svc":"h3-29=\":443\"; ma=2592000,h3-T051=\":443\"; ma=2592000,h3-Q050=\":443\"; ma=2592000,h3-Q046=\":443\"; ma=2592000,h3-Q043=\":443\"; ma=2592000,quic=\":443\"; ma=2592000; v=\"46,43\"","accept-ranges":"none","transfer-encoding":"chunked"}
[debug] [2020-12-01T12:56:52.823Z] [rules] updated release projects/battleship-swepfa2020/releases/cloud.firestore
[info] ✔  firestore: released rules firestore.rules to cloud.firestore 
[debug] [2020-12-01T12:56:52.823Z] [
  {
    "config": {
      "public": "public",
      "ignore": [
        "firebase.json",
        "**/.*",
        "**/node_modules/**"
      ],
      "rewrites": [
        {
          "source": "**",
          "destination": "/index.html"
        }
      ],
      "site": "battleship-swepfa2020"
    },
    "site": "battleship-swepfa2020",
    "version": "sites/battleship-swepfa2020/versions/2aa184b66d3b8a5f"
  }
]
[info] i  hosting[battleship-swepfa2020]: finalizing version... 
[debug] [2020-12-01T12:56:52.824Z] >>> HTTP REQUEST PATCH https://firebasehosting.googleapis.com/v1beta1/sites/battleship-swepfa2020/versions/2aa184b66d3b8a5f?updateMask=status  
 {"status":"FINALIZED"}
